# JRE version: Java(TM) SE Runtime Environment (8.0_301-b09) (build 1.8.0_301-b09)
# Java VM: Java HotSpot(TM) 64-Bit Server VM (25.301-b09 mixed mode windows-amd64 compressed oops)
Heap:
 PSYoungGen      total 589824K, used 2348K [0x0000000776180000, 0x000000079f000000, 0x00000007c0000000)
  eden space 552960K, 0% used [0x0000000776180000,0x0000000776180000,0x0000000797d80000)
  from space 36864K, 6% used [0x0000000797d80000,0x0000000797fcb1a0,0x000000079a180000)
  to   space 35840K, 0% used [0x000000079cd00000,0x000000079cd00000,0x000000079f000000)
 ParOldGen       total 303616K, used 72078K [0x00000006e2400000, 0x00000006f4c80000, 0x0000000776180000)
  object space 303616K, 23% used [0x00000006e2400000,0x00000006e6a638b8,0x00000006f4c80000)
 Metaspace       used 112682K, capacity 118368K, committed 118400K, reserved 1157120K
  class space    used 14389K, capacity 15226K, committed 15232K, reserved 1048576K
GC Heap History (10 events):
Event: 29.286 GC heap before
{Heap before GC invocations=27 (full 4):
 PSYoungGen      total 527872K, used 28914K [0x0000000776180000, 0x000000079c700000, 0x00000007c0000000)
  eden space 493056K, 0% used [0x0000000776180000,0x0000000776180000,0x0000000794300000)
  from space 34816K, 83% used [0x0000000794300000,0x0000000795f3cab8,0x0000000796500000)
  to   space 37888K, 0% used [0x000000079a200000,0x000000079a200000,0x000000079c700000)
 ParOldGen       total 207360K, used 33859K [0x00000006e2400000, 0x00000006eee80000, 0x0000000776180000)
  object space 207360K, 16% used [0x00000006e2400000,0x00000006e4510fd8,0x00000006eee80000)
 Metaspace       used 94000K, capacity 98380K, committed 98496K, reserved 1134592K
  class space    used 11912K, capacity 12591K, committed 12672K, reserved 1048576K
Event: 29.388 GC heap after
Heap after GC invocations=27 (full 4):
 PSYoungGen      total 527872K, used 0K [0x0000000776180000, 0x000000079c700000, 0x00000007c0000000)
  eden space 493056K, 0% used [0x0000000776180000,0x0000000776180000,0x0000000794300000)
  from space 34816K, 0% used [0x0000000794300000,0x0000000794300000,0x0000000796500000)
  to   space 37888K, 0% used [0x000000079a200000,0x000000079a200000,0x000000079c700000)
 ParOldGen       total 303616K, used 54132K [0x00000006e2400000, 0x00000006f4c80000, 0x0000000776180000)
  object space 303616K, 17% used [0x00000006e2400000,0x00000006e58dd350,0x00000006f4c80000)
 Metaspace       used 94000K, capacity 98380K, committed 98496K, reserved 1134592K
  class space    used 11912K, capacity 12591K, committed 12672K, reserved 1048576K
}
Event: 32.073 GC heap before
{Heap before GC invocations=28 (full 4):
 PSYoungGen      total 527872K, used 493056K [0x0000000776180000, 0x000000079c700000, 0x00000007c0000000)
  eden space 493056K, 100% used [0x0000000776180000,0x0000000794300000,0x0000000794300000)
  from space 34816K, 0% used [0x0000000794300000,0x0000000794300000,0x0000000796500000)
  to   space 37888K, 0% used [0x000000079a200000,0x000000079a200000,0x000000079c700000)
 ParOldGen       total 303616K, used 54132K [0x00000006e2400000, 0x00000006f4c80000, 0x0000000776180000)
  object space 303616K, 17% used [0x00000006e2400000,0x00000006e58dd350,0x00000006f4c80000)
 Metaspace       used 101940K, capacity 106566K, committed 106752K, reserved 1142784K
  class space    used 13047K, capacity 13759K, committed 13824K, reserved 1048576K
Event: 32.081 GC heap after
Heap after GC invocations=28 (full 4):
 PSYoungGen      total 589312K, used 9843K [0x0000000776180000, 0x000000079c580000, 0x00000007c0000000)
  eden space 552960K, 0% used [0x0000000776180000,0x0000000776180000,0x0000000797d80000)
  from space 36352K, 27% used [0x000000079a200000,0x000000079ab9cf70,0x000000079c580000)
  to   space 36864K, 0% used [0x0000000797d80000,0x0000000797d80000,0x000000079a180000)
 ParOldGen       total 303616K, used 54140K [0x00000006e2400000, 0x00000006f4c80000, 0x0000000776180000)
  object space 303616K, 17% used [0x00000006e2400000,0x00000006e58df350,0x00000006f4c80000)
 Metaspace       used 101940K, capacity 106566K, committed 106752K, reserved 1142784K
  class space    used 13047K, capacity 13759K, committed 13824K, reserved 1048576K
}
Event: 35.721 GC heap before
{Heap before GC invocations=29 (full 4):
 PSYoungGen      total 589312K, used 562803K [0x0000000776180000, 0x000000079c580000, 0x00000007c0000000)
  eden space 552960K, 100% used [0x0000000776180000,0x0000000797d80000,0x0000000797d80000)
  from space 36352K, 27% used [0x000000079a200000,0x000000079ab9cf70,0x000000079c580000)
  to   space 36864K, 0% used [0x0000000797d80000,0x0000000797d80000,0x000000079a180000)
 ParOldGen       total 303616K, used 54140K [0x00000006e2400000, 0x00000006f4c80000, 0x0000000776180000)
  object space 303616K, 17% used [0x00000006e2400000,0x00000006e58df350,0x00000006f4c80000)
 Metaspace       used 109872K, capacity 115152K, committed 115456K, reserved 1150976K
  class space    used 13981K, capacity 14748K, committed 14848K, reserved 1048576K
Event: 35.734 GC heap after
Heap after GC invocations=29 (full 4):
 PSYoungGen      total 589824K, used 17865K [0x0000000776180000, 0x000000079f180000, 0x00000007c0000000)
  eden space 552960K, 0% used [0x0000000776180000,0x0000000776180000,0x0000000797d80000)
  from space 36864K, 48% used [0x0000000797d80000,0x0000000798ef24f0,0x000000079a180000)
  to   space 35840K, 0% used [0x000000079ce80000,0x000000079ce80000,0x000000079f180000)
 ParOldGen       total 303616K, used 54156K [0x00000006e2400000, 0x00000006f4c80000, 0x0000000776180000)
  object space 303616K, 17% used [0x00000006e2400000,0x00000006e58e3368,0x00000006f4c80000)
 Metaspace       used 109872K, capacity 115152K, committed 115456K, reserved 1150976K
  class space    used 13981K, capacity 14748K, committed 14848K, reserved 1048576K
}
Event: 37.321 GC heap before
{Heap before GC invocations=30 (full 4):
 PSYoungGen      total 589824K, used 227996K [0x0000000776180000, 0x000000079f180000, 0x00000007c0000000)
  eden space 552960K, 38% used [0x0000000776180000,0x0000000782eb4d60,0x0000000797d80000)
  from space 36864K, 48% used [0x0000000797d80000,0x0000000798ef24f0,0x000000079a180000)
  to   space 35840K, 0% used [0x000000079ce80000,0x000000079ce80000,0x000000079f180000)
 ParOldGen       total 303616K, used 54156K [0x00000006e2400000, 0x00000006f4c80000, 0x0000000776180000)
  object space 303616K, 17% used [0x00000006e2400000,0x00000006e58e3368,0x00000006f4c80000)
 Metaspace       used 111873K, capacity 117448K, committed 117504K, reserved 1155072K
  class space    used 14273K, capacity 15098K, committed 15104K, reserved 1048576K
Event: 37.334 GC heap after
Heap after GC invocations=30 (full 4):
 PSYoungGen      total 588800K, used 20878K [0x0000000776180000, 0x000000079f180000, 0x00000007c0000000)
  eden space 552960K, 0% used [0x0000000776180000,0x0000000776180000,0x0000000797d80000)
  from space 35840K, 58% used [0x000000079ce80000,0x000000079e2e3938,0x000000079f180000)
  to   space 36864K, 0% used [0x0000000797d80000,0x0000000797d80000,0x000000079a180000)
 ParOldGen       total 303616K, used 54164K [0x00000006e2400000, 0x00000006f4c80000, 0x0000000776180000)
  object space 303616K, 17% used [0x00000006e2400000,0x00000006e58e5368,0x00000006f4c80000)
 Metaspace       used 111873K, capacity 117448K, committed 117504K, reserved 1155072K
  class space    used 14273K, capacity 15098K, committed 15104K, reserved 1048576K
}
Event: 37.336 GC heap before
{Heap before GC invocations=31 (full 5):
 PSYoungGen      total 588800K, used 20878K [0x0000000776180000, 0x000000079f180000, 0x00000007c0000000)
  eden space 552960K, 0% used [0x0000000776180000,0x0000000776180000,0x0000000797d80000)
  from space 35840K, 58% used [0x000000079ce80000,0x000000079e2e3938,0x000000079f180000)
  to   space 36864K, 0% used [0x0000000797d80000,0x0000000797d80000,0x000000079a180000)
 ParOldGen       total 303616K, used 54164K [0x00000006e2400000, 0x00000006f4c80000, 0x0000000776180000)
  object space 303616K, 17% used [0x00000006e2400000,0x00000006e58e5368,0x00000006f4c80000)
 Metaspace       used 111873K, capacity 117448K, committed 117504K, reserved 1155072K
  class space    used 14273K, capacity 15098K, committed 15104K, reserved 1048576K
Event: 37.577 GC heap after
Heap after GC invocations=31 (full 5):
 PSYoungGen      total 588800K, used 0K [0x0000000776180000, 0x000000079f180000, 0x00000007c0000000)
  eden space 552960K, 0% used [0x0000000776180000,0x0000000776180000,0x0000000797d80000)
  from space 35840K, 0% used [0x000000079ce80000,0x000000079ce80000,0x000000079f180000)
  to   space 36864K, 0% used [0x0000000797d80000,0x0000000797d80000,0x000000079a180000)
 ParOldGen       total 303616K, used 72070K [0x00000006e2400000, 0x00000006f4c80000, 0x0000000776180000)
  object space 303616K, 23% used [0x00000006e2400000,0x00000006e6a618b8,0x00000006f4c80000)
 Metaspace       used 111873K, capacity 117448K, committed 117504K, reserved 1153024K
  class space    used 14273K, capacity 15098K, committed 15104K, reserved 1048576K
}

