# JRE version: Java(TM) SE Runtime Environment (8.0_301-b09) (build 1.8.0_301-b09)
# Java VM: Java HotSpot(TM) 64-Bit Server VM (25.301-b09 mixed mode windows-amd64 compressed oops)
Heap:
 PSYoungGen      total 66560K, used 26994K [0x0000000776180000, 0x000000077ab80000, 0x00000007c0000000)
  eden space 57344K, 31% used [0x0000000776180000,0x00000007772dea30,0x0000000779980000)
  from space 9216K, 99% used [0x0000000779980000,0x000000077a27e080,0x000000077a280000)
  to   space 9216K, 0% used [0x000000077a280000,0x000000077a280000,0x000000077ab80000)
 ParOldGen       total 151552K, used 10124K [0x00000006e2400000, 0x00000006eb800000, 0x0000000776180000)
  object space 151552K, 6% used [0x00000006e2400000,0x00000006e2de31d0,0x00000006eb800000)
 Metaspace       used 16541K, capacity 16914K, committed 17152K, reserved 1064960K
  class space    used 1923K, capacity 2019K, committed 2048K, reserved 1048576K
GC Heap History (6 events):
Event: 0.654 GC heap before
{Heap before GC invocations=1 (full 0):
 PSYoungGen      total 66560K, used 57344K [0x0000000776180000, 0x000000077ab80000, 0x00000007c0000000)
  eden space 57344K, 100% used [0x0000000776180000,0x0000000779980000,0x0000000779980000)
  from space 9216K, 0% used [0x000000077a280000,0x000000077a280000,0x000000077ab80000)
  to   space 9216K, 0% used [0x0000000779980000,0x0000000779980000,0x000000077a280000)
 ParOldGen       total 151552K, used 0K [0x00000006e2400000, 0x00000006eb800000, 0x0000000776180000)
  object space 151552K, 0% used [0x00000006e2400000,0x00000006e2400000,0x00000006eb800000)
 Metaspace       used 10631K, capacity 10778K, committed 10880K, reserved 1058816K
  class space    used 1273K, capacity 1314K, committed 1408K, reserved 1048576K
Event: 0.659 GC heap after
Heap after GC invocations=1 (full 0):
 PSYoungGen      total 66560K, used 9210K [0x0000000776180000, 0x000000077ab80000, 0x00000007c0000000)
  eden space 57344K, 0% used [0x0000000776180000,0x0000000776180000,0x0000000779980000)
  from space 9216K, 99% used [0x0000000779980000,0x000000077a27e9e8,0x000000077a280000)
  to   space 9216K, 0% used [0x000000077a280000,0x000000077a280000,0x000000077ab80000)
 ParOldGen       total 151552K, used 211K [0x00000006e2400000, 0x00000006eb800000, 0x0000000776180000)
  object space 151552K, 0% used [0x00000006e2400000,0x00000006e2434e08,0x00000006eb800000)
 Metaspace       used 10631K, capacity 10778K, committed 10880K, reserved 1058816K
  class space    used 1273K, capacity 1314K, committed 1408K, reserved 1048576K
}
Event: 1.160 GC heap before
{Heap before GC invocations=2 (full 0):
 PSYoungGen      total 66560K, used 66554K [0x0000000776180000, 0x000000077ab80000, 0x00000007c0000000)
  eden space 57344K, 100% used [0x0000000776180000,0x0000000779980000,0x0000000779980000)
  from space 9216K, 99% used [0x0000000779980000,0x000000077a27e9e8,0x000000077a280000)
  to   space 9216K, 0% used [0x000000077a280000,0x000000077a280000,0x000000077ab80000)
 ParOldGen       total 151552K, used 211K [0x00000006e2400000, 0x00000006eb800000, 0x0000000776180000)
  object space 151552K, 0% used [0x00000006e2400000,0x00000006e2434e08,0x00000006eb800000)
 Metaspace       used 15179K, capacity 15432K, committed 15744K, reserved 1062912K
  class space    used 1812K, capacity 1912K, committed 1920K, reserved 1048576K
Event: 1.167 GC heap after
Heap after GC invocations=2 (full 0):
 PSYoungGen      total 66560K, used 9189K [0x0000000776180000, 0x000000077ab80000, 0x00000007c0000000)
  eden space 57344K, 0% used [0x0000000776180000,0x0000000776180000,0x0000000779980000)
  from space 9216K, 99% used [0x000000077a280000,0x000000077ab79600,0x000000077ab80000)
  to   space 9216K, 0% used [0x0000000779980000,0x0000000779980000,0x000000077a280000)
 ParOldGen       total 151552K, used 1944K [0x00000006e2400000, 0x00000006eb800000, 0x0000000776180000)
  object space 151552K, 1% used [0x00000006e2400000,0x00000006e25e61b0,0x00000006eb800000)
 Metaspace       used 15179K, capacity 15432K, committed 15744K, reserved 1062912K
  class space    used 1812K, capacity 1912K, committed 1920K, reserved 1048576K
}
Event: 1.516 GC heap before
{Heap before GC invocations=3 (full 0):
 PSYoungGen      total 66560K, used 66533K [0x0000000776180000, 0x000000077ab80000, 0x00000007c0000000)
  eden space 57344K, 100% used [0x0000000776180000,0x0000000779980000,0x0000000779980000)
  from space 9216K, 99% used [0x000000077a280000,0x000000077ab79600,0x000000077ab80000)
  to   space 9216K, 0% used [0x0000000779980000,0x0000000779980000,0x000000077a280000)
 ParOldGen       total 151552K, used 1944K [0x00000006e2400000, 0x00000006eb800000, 0x0000000776180000)
  object space 151552K, 1% used [0x00000006e2400000,0x00000006e25e61b0,0x00000006eb800000)
 Metaspace       used 16324K, capacity 16704K, committed 16896K, reserved 1064960K
  class space    used 1919K, capacity 2016K, committed 2048K, reserved 1048576K
Event: 1.523 GC heap after
Heap after GC invocations=3 (full 0):
 PSYoungGen      total 66560K, used 9208K [0x0000000776180000, 0x000000077ab80000, 0x00000007c0000000)
  eden space 57344K, 0% used [0x0000000776180000,0x0000000776180000,0x0000000779980000)
  from space 9216K, 99% used [0x0000000779980000,0x000000077a27e080,0x000000077a280000)
  to   space 9216K, 0% used [0x000000077a280000,0x000000077a280000,0x000000077ab80000)
 ParOldGen       total 151552K, used 10124K [0x00000006e2400000, 0x00000006eb800000, 0x0000000776180000)
  object space 151552K, 6% used [0x00000006e2400000,0x00000006e2de31d0,0x00000006eb800000)
 Metaspace       used 16324K, capacity 16704K, committed 16896K, reserved 1064960K
  class space    used 1919K, capacity 2016K, committed 2048K, reserved 1048576K
}

