# JRE version: Java(TM) SE Runtime Environment (8.0_301-b09) (build 1.8.0_301-b09)
# Java VM: Java HotSpot(TM) 64-Bit Server VM (25.301-b09 mixed mode windows-amd64 compressed oops)
Heap:
 PSYoungGen      total 66560K, used 34377K [0x0000000776180000, 0x000000077ab80000, 0x00000007c0000000)
  eden space 57344K, 45% used [0x0000000776180000,0x0000000777b28b68,0x0000000779980000)
  from space 9216K, 99% used [0x0000000779980000,0x000000077a27c060,0x000000077a280000)
  to   space 9216K, 0% used [0x000000077a280000,0x000000077a280000,0x000000077ab80000)
 ParOldGen       total 151552K, used 10089K [0x00000006e2400000, 0x00000006eb800000, 0x0000000776180000)
  object space 151552K, 6% used [0x00000006e2400000,0x00000006e2dda500,0x00000006eb800000)
 Metaspace       used 16652K, capacity 17042K, committed 17408K, reserved 1064960K
  class space    used 1922K, capacity 2019K, committed 2048K, reserved 1048576K
GC Heap History (6 events):
Event: 0.553 GC heap before
{Heap before GC invocations=1 (full 0):
 PSYoungGen      total 66560K, used 57344K [0x0000000776180000, 0x000000077ab80000, 0x00000007c0000000)
  eden space 57344K, 100% used [0x0000000776180000,0x0000000779980000,0x0000000779980000)
  from space 9216K, 0% used [0x000000077a280000,0x000000077a280000,0x000000077ab80000)
  to   space 9216K, 0% used [0x0000000779980000,0x0000000779980000,0x000000077a280000)
 ParOldGen       total 151552K, used 0K [0x00000006e2400000, 0x00000006eb800000, 0x0000000776180000)
  object space 151552K, 0% used [0x00000006e2400000,0x00000006e2400000,0x00000006eb800000)
 Metaspace       used 10563K, capacity 10778K, committed 10880K, reserved 1058816K
  class space    used 1266K, capacity 1314K, committed 1408K, reserved 1048576K
Event: 0.557 GC heap after
Heap after GC invocations=1 (full 0):
 PSYoungGen      total 66560K, used 9196K [0x0000000776180000, 0x000000077ab80000, 0x00000007c0000000)
  eden space 57344K, 0% used [0x0000000776180000,0x0000000776180000,0x0000000779980000)
  from space 9216K, 99% used [0x0000000779980000,0x000000077a27b158,0x000000077a280000)
  to   space 9216K, 0% used [0x000000077a280000,0x000000077a280000,0x000000077ab80000)
 ParOldGen       total 151552K, used 202K [0x00000006e2400000, 0x00000006eb800000, 0x0000000776180000)
  object space 151552K, 0% used [0x00000006e2400000,0x00000006e2432ad0,0x00000006eb800000)
 Metaspace       used 10563K, capacity 10778K, committed 10880K, reserved 1058816K
  class space    used 1266K, capacity 1314K, committed 1408K, reserved 1048576K
}
Event: 1.033 GC heap before
{Heap before GC invocations=2 (full 0):
 PSYoungGen      total 66560K, used 66540K [0x0000000776180000, 0x000000077ab80000, 0x00000007c0000000)
  eden space 57344K, 99% used [0x0000000776180000,0x000000077997ff30,0x0000000779980000)
  from space 9216K, 99% used [0x0000000779980000,0x000000077a27b158,0x000000077a280000)
  to   space 9216K, 0% used [0x000000077a280000,0x000000077a280000,0x000000077ab80000)
 ParOldGen       total 151552K, used 202K [0x00000006e2400000, 0x00000006eb800000, 0x0000000776180000)
  object space 151552K, 0% used [0x00000006e2400000,0x00000006e2432ad0,0x00000006eb800000)
 Metaspace       used 15177K, capacity 15432K, committed 15744K, reserved 1062912K
  class space    used 1812K, capacity 1912K, committed 1920K, reserved 1048576K
Event: 1.038 GC heap after
Heap after GC invocations=2 (full 0):
 PSYoungGen      total 66560K, used 9202K [0x0000000776180000, 0x000000077ab80000, 0x00000007c0000000)
  eden space 57344K, 0% used [0x0000000776180000,0x0000000776180000,0x0000000779980000)
  from space 9216K, 99% used [0x000000077a280000,0x000000077ab7cba0,0x000000077ab80000)
  to   space 9216K, 0% used [0x0000000779980000,0x0000000779980000,0x000000077a280000)
 ParOldGen       total 151552K, used 1998K [0x00000006e2400000, 0x00000006eb800000, 0x0000000776180000)
  object space 151552K, 1% used [0x00000006e2400000,0x00000006e25f3a88,0x00000006eb800000)
 Metaspace       used 15177K, capacity 15432K, committed 15744K, reserved 1062912K
  class space    used 1812K, capacity 1912K, committed 1920K, reserved 1048576K
}
Event: 1.350 GC heap before
{Heap before GC invocations=3 (full 0):
 PSYoungGen      total 66560K, used 66546K [0x0000000776180000, 0x000000077ab80000, 0x00000007c0000000)
  eden space 57344K, 100% used [0x0000000776180000,0x0000000779980000,0x0000000779980000)
  from space 9216K, 99% used [0x000000077a280000,0x000000077ab7cba0,0x000000077ab80000)
  to   space 9216K, 0% used [0x0000000779980000,0x0000000779980000,0x000000077a280000)
 ParOldGen       total 151552K, used 1998K [0x00000006e2400000, 0x00000006eb800000, 0x0000000776180000)
  object space 151552K, 1% used [0x00000006e2400000,0x00000006e25f3a88,0x00000006eb800000)
 Metaspace       used 16325K, capacity 16704K, committed 16896K, reserved 1064960K
  class space    used 1919K, capacity 2016K, committed 2048K, reserved 1048576K
Event: 1.356 GC heap after
Heap after GC invocations=3 (full 0):
 PSYoungGen      total 66560K, used 9200K [0x0000000776180000, 0x000000077ab80000, 0x00000007c0000000)
  eden space 57344K, 0% used [0x0000000776180000,0x0000000776180000,0x0000000779980000)
  from space 9216K, 99% used [0x0000000779980000,0x000000077a27c060,0x000000077a280000)
  to   space 9216K, 0% used [0x000000077a280000,0x000000077a280000,0x000000077ab80000)
 ParOldGen       total 151552K, used 10089K [0x00000006e2400000, 0x00000006eb800000, 0x0000000776180000)
  object space 151552K, 6% used [0x00000006e2400000,0x00000006e2dda500,0x00000006eb800000)
 Metaspace       used 16325K, capacity 16704K, committed 16896K, reserved 1064960K
  class space    used 1919K, capacity 2016K, committed 2048K, reserved 1048576K
}

