# JRE version: Java(TM) SE Runtime Environment (8.0_301-b09) (build 1.8.0_301-b09)
# Java VM: Java HotSpot(TM) 64-Bit Server VM (25.301-b09 mixed mode windows-amd64 compressed oops)
Heap:
 PSYoungGen      total 570880K, used 186563K [0x0000000776180000, 0x000000079d980000, 0x00000007c0000000)
  eden space 546816K, 29% used [0x0000000776180000,0x000000078005c308,0x0000000797780000)
  from space 24064K, 99% used [0x000000079c200000,0x000000079d954a78,0x000000079d980000)
  to   space 46592K, 0% used [0x0000000797e80000,0x0000000797e80000,0x000000079ac00000)
 ParOldGen       total 303616K, used 100584K [0x00000006e2400000, 0x00000006f4c80000, 0x0000000776180000)
  object space 303616K, 33% used [0x00000006e2400000,0x00000006e863a168,0x00000006f4c80000)
 Metaspace       used 151865K, capacity 162535K, committed 162688K, reserved 1191936K
  class space    used 19116K, capacity 20510K, committed 20608K, reserved 1048576K
GC Heap History (10 events):
Event: 3494.281 GC heap before
{Heap before GC invocations=34 (full 4):
 PSYoungGen      total 697856K, used 697399K [0x0000000776180000, 0x00000007a4880000, 0x00000007c0000000)
  eden space 654336K, 100% used [0x0000000776180000,0x000000079e080000,0x000000079e080000)
  from space 43520K, 98% used [0x000000079f900000,0x00000007a230dc70,0x00000007a2380000)
  to   space 37888K, 0% used [0x00000007a2380000,0x00000007a2380000,0x00000007a4880000)
 ParOldGen       total 303616K, used 80383K [0x00000006e2400000, 0x00000006f4c80000, 0x0000000776180000)
  object space 303616K, 26% used [0x00000006e2400000,0x00000006e727fc00,0x00000006f4c80000)
 Metaspace       used 150920K, capacity 161183K, committed 161408K, reserved 1189888K
  class space    used 19010K, capacity 20331K, committed 20352K, reserved 1048576K
Event: 3494.308 GC heap after
Heap after GC invocations=34 (full 4):
 PSYoungGen      total 668672K, used 37863K [0x0000000776180000, 0x00000007a4880000, 0x00000007c0000000)
  eden space 630784K, 0% used [0x0000000776180000,0x0000000776180000,0x000000079c980000)
  from space 37888K, 99% used [0x00000007a2380000,0x00000007a4879d50,0x00000007a4880000)
  to   space 57344K, 0% used [0x000000079d880000,0x000000079d880000,0x00000007a1080000)
 ParOldGen       total 303616K, used 84808K [0x00000006e2400000, 0x00000006f4c80000, 0x0000000776180000)
  object space 303616K, 27% used [0x00000006e2400000,0x00000006e76d21d0,0x00000006f4c80000)
 Metaspace       used 150920K, capacity 161183K, committed 161408K, reserved 1189888K
  class space    used 19010K, capacity 20331K, committed 20352K, reserved 1048576K
}
Event: 6802.316 GC heap before
{Heap before GC invocations=35 (full 4):
 PSYoungGen      total 668672K, used 668647K [0x0000000776180000, 0x00000007a4880000, 0x00000007c0000000)
  eden space 630784K, 100% used [0x0000000776180000,0x000000079c980000,0x000000079c980000)
  from space 37888K, 99% used [0x00000007a2380000,0x00000007a4879d50,0x00000007a4880000)
  to   space 57344K, 0% used [0x000000079d880000,0x000000079d880000,0x00000007a1080000)
 ParOldGen       total 303616K, used 84808K [0x00000006e2400000, 0x00000006f4c80000, 0x0000000776180000)
  object space 303616K, 27% used [0x00000006e2400000,0x00000006e76d21d0,0x00000006f4c80000)
 Metaspace       used 151000K, capacity 161273K, committed 161408K, reserved 1189888K
  class space    used 19021K, capacity 20346K, committed 20352K, reserved 1048576K
Event: 6802.338 GC heap after
Heap after GC invocations=35 (full 4):
 PSYoungGen      total 633344K, used 24854K [0x0000000776180000, 0x00000007a2400000, 0x00000007c0000000)
  eden space 608256K, 0% used [0x0000000776180000,0x0000000776180000,0x000000079b380000)
  from space 25088K, 99% used [0x000000079d880000,0x000000079f0c5a58,0x000000079f100000)
  to   space 52224K, 0% used [0x000000079f100000,0x000000079f100000,0x00000007a2400000)
 ParOldGen       total 303616K, used 100560K [0x00000006e2400000, 0x00000006f4c80000, 0x0000000776180000)
  object space 303616K, 33% used [0x00000006e2400000,0x00000006e8634168,0x00000006f4c80000)
 Metaspace       used 151000K, capacity 161273K, committed 161408K, reserved 1189888K
  class space    used 19021K, capacity 20346K, committed 20352K, reserved 1048576K
}
Event: 9021.673 GC heap before
{Heap before GC invocations=36 (full 4):
 PSYoungGen      total 633344K, used 633110K [0x0000000776180000, 0x00000007a2400000, 0x00000007c0000000)
  eden space 608256K, 100% used [0x0000000776180000,0x000000079b380000,0x000000079b380000)
  from space 25088K, 99% used [0x000000079d880000,0x000000079f0c5a58,0x000000079f100000)
  to   space 52224K, 0% used [0x000000079f100000,0x000000079f100000,0x00000007a2400000)
 ParOldGen       total 303616K, used 100560K [0x00000006e2400000, 0x00000006f4c80000, 0x0000000776180000)
  object space 303616K, 33% used [0x00000006e2400000,0x00000006e8634168,0x00000006f4c80000)
 Metaspace       used 151183K, capacity 161611K, committed 161792K, reserved 1189888K
  class space    used 19040K, capacity 20372K, committed 20480K, reserved 1048576K
Event: 9021.722 GC heap after
Heap after GC invocations=36 (full 4):
 PSYoungGen      total 611328K, used 24413K [0x0000000776180000, 0x00000007a0900000, 0x00000007c0000000)
  eden space 586752K, 0% used [0x0000000776180000,0x0000000776180000,0x0000000799e80000)
  from space 24576K, 99% used [0x000000079f100000,0x00000007a08d7648,0x00000007a0900000)
  to   space 51200K, 0% used [0x000000079a500000,0x000000079a500000,0x000000079d700000)
 ParOldGen       total 303616K, used 100568K [0x00000006e2400000, 0x00000006f4c80000, 0x0000000776180000)
  object space 303616K, 33% used [0x00000006e2400000,0x00000006e8636168,0x00000006f4c80000)
 Metaspace       used 151183K, capacity 161611K, committed 161792K, reserved 1189888K
  class space    used 19040K, capacity 20372K, committed 20480K, reserved 1048576K
}
Event: 11224.109 GC heap before
{Heap before GC invocations=37 (full 4):
 PSYoungGen      total 611328K, used 611165K [0x0000000776180000, 0x00000007a0900000, 0x00000007c0000000)
  eden space 586752K, 100% used [0x0000000776180000,0x0000000799e80000,0x0000000799e80000)
  from space 24576K, 99% used [0x000000079f100000,0x00000007a08d7648,0x00000007a0900000)
  to   space 51200K, 0% used [0x000000079a500000,0x000000079a500000,0x000000079d700000)
 ParOldGen       total 303616K, used 100568K [0x00000006e2400000, 0x00000006f4c80000, 0x0000000776180000)
  object space 303616K, 33% used [0x00000006e2400000,0x00000006e8636168,0x00000006f4c80000)
 Metaspace       used 151448K, capacity 161969K, committed 162048K, reserved 1191936K
  class space    used 19072K, capacity 20421K, committed 20480K, reserved 1048576K
Event: 11224.151 GC heap after
Heap after GC invocations=37 (full 4):
 PSYoungGen      total 590848K, used 24192K [0x0000000776180000, 0x000000079f180000, 0x00000007c0000000)
  eden space 566272K, 0% used [0x0000000776180000,0x0000000776180000,0x0000000798a80000)
  from space 24576K, 98% used [0x000000079a500000,0x000000079bca0180,0x000000079bd00000)
  to   space 48640K, 0% used [0x000000079c200000,0x000000079c200000,0x000000079f180000)
 ParOldGen       total 303616K, used 100576K [0x00000006e2400000, 0x00000006f4c80000, 0x0000000776180000)
  object space 303616K, 33% used [0x00000006e2400000,0x00000006e8638168,0x00000006f4c80000)
 Metaspace       used 151448K, capacity 161969K, committed 162048K, reserved 1191936K
  class space    used 19072K, capacity 20421K, committed 20480K, reserved 1048576K
}
Event: 12969.587 GC heap before
{Heap before GC invocations=38 (full 4):
 PSYoungGen      total 590848K, used 590464K [0x0000000776180000, 0x000000079f180000, 0x00000007c0000000)
  eden space 566272K, 100% used [0x0000000776180000,0x0000000798a80000,0x0000000798a80000)
  from space 24576K, 98% used [0x000000079a500000,0x000000079bca0180,0x000000079bd00000)
  to   space 48640K, 0% used [0x000000079c200000,0x000000079c200000,0x000000079f180000)
 ParOldGen       total 303616K, used 100576K [0x00000006e2400000, 0x00000006f4c80000, 0x0000000776180000)
  object space 303616K, 33% used [0x00000006e2400000,0x00000006e8638168,0x00000006f4c80000)
 Metaspace       used 151790K, capacity 162433K, committed 162560K, reserved 1191936K
  class space    used 19105K, capacity 20477K, committed 20480K, reserved 1048576K
Event: 12969.616 GC heap after
Heap after GC invocations=38 (full 4):
 PSYoungGen      total 570880K, used 23890K [0x0000000776180000, 0x000000079d980000, 0x00000007c0000000)
  eden space 546816K, 0% used [0x0000000776180000,0x0000000776180000,0x0000000797780000)
  from space 24064K, 99% used [0x000000079c200000,0x000000079d954a78,0x000000079d980000)
  to   space 46592K, 0% used [0x0000000797e80000,0x0000000797e80000,0x000000079ac00000)
 ParOldGen       total 303616K, used 100584K [0x00000006e2400000, 0x00000006f4c80000, 0x0000000776180000)
  object space 303616K, 33% used [0x00000006e2400000,0x00000006e863a168,0x00000006f4c80000)
 Metaspace       used 151790K, capacity 162433K, committed 162560K, reserved 1191936K
  class space    used 19105K, capacity 20477K, committed 20480K, reserved 1048576K
}

