# JRE version: Java(TM) SE Runtime Environment (8.0_301-b09) (build 1.8.0_301-b09)
# Java VM: Java HotSpot(TM) 64-Bit Server VM (25.301-b09 mixed mode windows-amd64 compressed oops)
Heap:
 PSYoungGen      total 66560K, used 26713K [0x0000000776180000, 0x000000077ab80000, 0x00000007c0000000)
  eden space 57344K, 30% used [0x0000000776180000,0x000000077729a528,0x0000000779980000)
  from space 9216K, 99% used [0x0000000779980000,0x000000077a27c040,0x000000077a280000)
  to   space 9216K, 0% used [0x000000077a280000,0x000000077a280000,0x000000077ab80000)
 ParOldGen       total 151552K, used 9963K [0x00000006e2400000, 0x00000006eb800000, 0x0000000776180000)
  object space 151552K, 6% used [0x00000006e2400000,0x00000006e2dbacf8,0x00000006eb800000)
 Metaspace       used 16570K, capacity 16974K, committed 17152K, reserved 1064960K
  class space    used 1924K, capacity 2019K, committed 2048K, reserved 1048576K
GC Heap History (6 events):
Event: 0.660 GC heap before
{Heap before GC invocations=1 (full 0):
 PSYoungGen      total 66560K, used 57344K [0x0000000776180000, 0x000000077ab80000, 0x00000007c0000000)
  eden space 57344K, 100% used [0x0000000776180000,0x0000000779980000,0x0000000779980000)
  from space 9216K, 0% used [0x000000077a280000,0x000000077a280000,0x000000077ab80000)
  to   space 9216K, 0% used [0x0000000779980000,0x0000000779980000,0x000000077a280000)
 ParOldGen       total 151552K, used 0K [0x00000006e2400000, 0x00000006eb800000, 0x0000000776180000)
  object space 151552K, 0% used [0x00000006e2400000,0x00000006e2400000,0x00000006eb800000)
 Metaspace       used 10651K, capacity 10870K, committed 11136K, reserved 1058816K
  class space    used 1278K, capacity 1346K, committed 1408K, reserved 1048576K
Event: 0.666 GC heap after
Heap after GC invocations=1 (full 0):
 PSYoungGen      total 66560K, used 9197K [0x0000000776180000, 0x000000077ab80000, 0x00000007c0000000)
  eden space 57344K, 0% used [0x0000000776180000,0x0000000776180000,0x0000000779980000)
  from space 9216K, 99% used [0x0000000779980000,0x000000077a27b6f8,0x000000077a280000)
  to   space 9216K, 0% used [0x000000077a280000,0x000000077a280000,0x000000077ab80000)
 ParOldGen       total 151552K, used 244K [0x00000006e2400000, 0x00000006eb800000, 0x0000000776180000)
  object space 151552K, 0% used [0x00000006e2400000,0x00000006e243d1c8,0x00000006eb800000)
 Metaspace       used 10651K, capacity 10870K, committed 11136K, reserved 1058816K
  class space    used 1278K, capacity 1346K, committed 1408K, reserved 1048576K
}
Event: 1.171 GC heap before
{Heap before GC invocations=2 (full 0):
 PSYoungGen      total 66560K, used 66541K [0x0000000776180000, 0x000000077ab80000, 0x00000007c0000000)
  eden space 57344K, 100% used [0x0000000776180000,0x0000000779980000,0x0000000779980000)
  from space 9216K, 99% used [0x0000000779980000,0x000000077a27b6f8,0x000000077a280000)
  to   space 9216K, 0% used [0x000000077a280000,0x000000077a280000,0x000000077ab80000)
 ParOldGen       total 151552K, used 244K [0x00000006e2400000, 0x00000006eb800000, 0x0000000776180000)
  object space 151552K, 0% used [0x00000006e2400000,0x00000006e243d1c8,0x00000006eb800000)
 Metaspace       used 15192K, capacity 15428K, committed 15744K, reserved 1062912K
  class space    used 1815K, capacity 1912K, committed 1920K, reserved 1048576K
Event: 1.177 GC heap after
Heap after GC invocations=2 (full 0):
 PSYoungGen      total 66560K, used 9208K [0x0000000776180000, 0x000000077ab80000, 0x00000007c0000000)
  eden space 57344K, 0% used [0x0000000776180000,0x0000000776180000,0x0000000779980000)
  from space 9216K, 99% used [0x000000077a280000,0x000000077ab7e3c0,0x000000077ab80000)
  to   space 9216K, 0% used [0x0000000779980000,0x0000000779980000,0x000000077a280000)
 ParOldGen       total 151552K, used 1912K [0x00000006e2400000, 0x00000006eb800000, 0x0000000776180000)
  object space 151552K, 1% used [0x00000006e2400000,0x00000006e25de368,0x00000006eb800000)
 Metaspace       used 15192K, capacity 15428K, committed 15744K, reserved 1062912K
  class space    used 1815K, capacity 1912K, committed 1920K, reserved 1048576K
}
Event: 1.521 GC heap before
{Heap before GC invocations=3 (full 0):
 PSYoungGen      total 66560K, used 66552K [0x0000000776180000, 0x000000077ab80000, 0x00000007c0000000)
  eden space 57344K, 100% used [0x0000000776180000,0x0000000779980000,0x0000000779980000)
  from space 9216K, 99% used [0x000000077a280000,0x000000077ab7e3c0,0x000000077ab80000)
  to   space 9216K, 0% used [0x0000000779980000,0x0000000779980000,0x000000077a280000)
 ParOldGen       total 151552K, used 1912K [0x00000006e2400000, 0x00000006eb800000, 0x0000000776180000)
  object space 151552K, 1% used [0x00000006e2400000,0x00000006e25de368,0x00000006eb800000)
 Metaspace       used 16337K, capacity 16700K, committed 16896K, reserved 1064960K
  class space    used 1921K, capacity 2016K, committed 2048K, reserved 1048576K
Event: 1.528 GC heap after
Heap after GC invocations=3 (full 0):
 PSYoungGen      total 66560K, used 9200K [0x0000000776180000, 0x000000077ab80000, 0x00000007c0000000)
  eden space 57344K, 0% used [0x0000000776180000,0x0000000776180000,0x0000000779980000)
  from space 9216K, 99% used [0x0000000779980000,0x000000077a27c040,0x000000077a280000)
  to   space 9216K, 0% used [0x000000077a280000,0x000000077a280000,0x000000077ab80000)
 ParOldGen       total 151552K, used 9963K [0x00000006e2400000, 0x00000006eb800000, 0x0000000776180000)
  object space 151552K, 6% used [0x00000006e2400000,0x00000006e2dbacf8,0x00000006eb800000)
 Metaspace       used 16337K, capacity 16700K, committed 16896K, reserved 1064960K
  class space    used 1921K, capacity 2016K, committed 2048K, reserved 1048576K
}

